<?xml version="1.0" encoding="UTF-8"?>
<testng-results ignored="0" total="4" passed="3" failed="1" skipped="0">
  <reporter-output>
  </reporter-output>
  <suite started-at="2024-04-28T12:59:44 IST" name="Suite" finished-at="2024-04-28T12:59:56 IST" duration-ms="11911">
    <groups>
    </groups>
    <test started-at="2024-04-28T12:59:44 IST" name="ThreeTest" finished-at="2024-04-28T12:59:55 IST" duration-ms="10744">
      <class name="tests.ThreeTest">
        <test-method signature="TestThree()[pri:0, instance:tests.ThreeTest@45d84a20]" started-at="2024-04-28T12:59:44 IST" name="TestThree" finished-at="2024-04-28T12:59:54 IST" duration-ms="10315" status="FAIL">
          <exception class="java.lang.AssertionError">
            <message>
              <![CDATA[expected [true] but found [false]]]>
            </message>
            <full-stacktrace>
              <![CDATA[java.lang.AssertionError: expected [true] but found [false]
at org.testng.Assert.fail(Assert.java:111)
at org.testng.Assert.failNotEquals(Assert.java:1578)
at org.testng.Assert.assertTrue(Assert.java:57)
at org.testng.Assert.assertTrue(Assert.java:67)
at tests.ThreeTest.TestThree(ThreeTest.java:24)
at java.base/jdk.internal.reflect.NativeMethodAccessorImpl.invoke0(Native Method)
at java.base/jdk.internal.reflect.NativeMethodAccessorImpl.invoke(NativeMethodAccessorImpl.java:77)
at java.base/jdk.internal.reflect.DelegatingMethodAccessorImpl.invoke(DelegatingMethodAccessorImpl.java:43)
at java.base/java.lang.reflect.Method.invoke(Method.java:568)
at org.testng.internal.invokers.MethodInvocationHelper.invokeMethod(MethodInvocationHelper.java:139)
at org.testng.internal.invokers.TestInvoker.invokeMethod(TestInvoker.java:664)
at org.testng.internal.invokers.TestInvoker.invokeTestMethod(TestInvoker.java:228)
at org.testng.internal.invokers.MethodRunner.runInSequence(MethodRunner.java:63)
at org.testng.internal.invokers.TestInvoker$MethodInvocationAgent.invoke(TestInvoker.java:961)
at org.testng.internal.invokers.TestInvoker.invokeTestMethods(TestInvoker.java:201)
at org.testng.internal.invokers.TestMethodWorker.invokeTestMethods(TestMethodWorker.java:148)
at org.testng.internal.invokers.TestMethodWorker.run(TestMethodWorker.java:128)
at java.base/java.util.ArrayList.forEach(ArrayList.java:1511)
at org.testng.TestRunner.privateRun(TestRunner.java:819)
at org.testng.TestRunner.run(TestRunner.java:619)
at org.testng.SuiteRunner.runTest(SuiteRunner.java:443)
at org.testng.SuiteRunner$SuiteWorker.run(SuiteRunner.java:481)
at org.testng.internal.thread.ThreadUtil.lambda$execute$0(ThreadUtil.java:58)
at java.base/java.util.concurrent.FutureTask.run(FutureTask.java:264)
at java.base/java.util.concurrent.ThreadPoolExecutor.runWorker(ThreadPoolExecutor.java:1136)
at java.base/java.util.concurrent.ThreadPoolExecutor$Worker.run(ThreadPoolExecutor.java:635)
at java.base/java.lang.Thread.run(Thread.java:840)
]]>
            </full-stacktrace>
          </exception> <!-- java.lang.AssertionError -->
          <reporter-output>
          </reporter-output>
        </test-method> <!-- TestThree -->
        <test-method is-config="true" signature="closeBrowser()[pri:0, instance:tests.ThreeTest@45d84a20]" started-at="2024-04-28T12:59:54 IST" name="closeBrowser" finished-at="2024-04-28T12:59:55 IST" duration-ms="95" status="PASS">
          <reporter-output>
          </reporter-output>
        </test-method> <!-- closeBrowser -->
      </class> <!-- tests.ThreeTest -->
    </test> <!-- ThreeTest -->
    <test started-at="2024-04-28T12:59:44 IST" name="TwoTest" finished-at="2024-04-28T12:59:55 IST" duration-ms="11401">
      <class name="tests.TwoTest">
        <test-method signature="TestTwo()[pri:0, instance:tests.TwoTest@533bda92]" started-at="2024-04-28T12:59:44 IST" name="TestTwo" finished-at="2024-04-28T12:59:55 IST" duration-ms="11345" status="PASS">
          <reporter-output>
          </reporter-output>
        </test-method> <!-- TestTwo -->
      </class> <!-- tests.TwoTest -->
    </test> <!-- TwoTest -->
    <test started-at="2024-04-28T12:59:44 IST" name="LoginTest" finished-at="2024-04-28T12:59:56 IST" duration-ms="11911">
      <class name="tests.LoginTest">
        <test-method is-config="true" signature="openApp()[pri:0, instance:tests.LoginTest@7ef82753]" started-at="2024-04-28T12:59:44 IST" name="openApp" finished-at="2024-04-28T12:59:47 IST" duration-ms="3630" status="PASS">
          <reporter-output>
          </reporter-output>
        </test-method> <!-- openApp -->
        <test-method signature="login(java.lang.String,java.lang.String,java.lang.String)[pri:0, instance:tests.LoginTest@7ef82753]" started-at="2024-04-28T12:59:47 IST" name="login" data-provider="getLoginData" finished-at="2024-04-28T12:59:51 IST" duration-ms="3097" status="PASS">
          <params>
            <param index="0">
              <value>
                <![CDATA[aaku@gmail.com]]>
              </value>
            </param>
            <param index="1">
              <value>
                <![CDATA[abc@123]]>
              </value>
            </param>
            <param index="2">
              <value>
                <![CDATA[Failure]]>
              </value>
            </param>
          </params>
          <reporter-output>
          </reporter-output>
        </test-method> <!-- login -->
        <test-method is-config="true" signature="tearDown()[pri:0, instance:tests.LoginTest@7ef82753]" started-at="2024-04-28T12:59:51 IST" name="tearDown" finished-at="2024-04-28T12:59:51 IST" duration-ms="93" status="PASS">
          <reporter-output>
          </reporter-output>
        </test-method> <!-- tearDown -->
        <test-method is-config="true" signature="openApp()[pri:0, instance:tests.LoginTest@7ef82753]" started-at="2024-04-28T12:59:51 IST" name="openApp" finished-at="2024-04-28T12:59:52 IST" duration-ms="1743" status="PASS">
          <reporter-output>
          </reporter-output>
        </test-method> <!-- openApp -->
        <test-method signature="login(java.lang.String,java.lang.String,java.lang.String)[pri:0, instance:tests.LoginTest@7ef82753]" started-at="2024-04-28T12:59:52 IST" name="login" data-provider="getLoginData" finished-at="2024-04-28T12:59:56 IST" duration-ms="3192" status="PASS">
          <params>
            <param index="0">
              <value>
                <![CDATA[aakanksha@yopmail.com]]>
              </value>
            </param>
            <param index="1">
              <value>
                <![CDATA[Abc@123]]>
              </value>
            </param>
            <param index="2">
              <value>
                <![CDATA[Successfull]]>
              </value>
            </param>
          </params>
          <reporter-output>
          </reporter-output>
        </test-method> <!-- login -->
        <test-method is-config="true" signature="tearDown()[pri:0, instance:tests.LoginTest@7ef82753]" started-at="2024-04-28T12:59:56 IST" name="tearDown" finished-at="2024-04-28T12:59:56 IST" duration-ms="96" status="PASS">
          <reporter-output>
          </reporter-output>
        </test-method> <!-- tearDown -->
      </class> <!-- tests.LoginTest -->
    </test> <!-- LoginTest -->
  </suite> <!-- Suite -->
</testng-results>
